<?xml version="1.0" encoding="UTF-8"?>
<coverage generated="1671870607943" clover="3.2.0">
  <project timestamp="1671870607943" name="All files">
    <metrics statements="64" coveredstatements="64" conditionals="40" coveredconditionals="40" methods="8" coveredmethods="8" elements="112" coveredelements="112" complexity="0" loc="64" ncloc="64" packages="1" files="1" classes="1"/>
    <file name="index.ts" path="D:\ZPTX Dev\ZPTX-Lib\src\index.ts">
      <metrics statements="64" coveredstatements="64" conditionals="40" coveredconditionals="40" methods="8" coveredmethods="8"/>
      <line num="12" count="1" type="stmt"/>
      <line num="16" count="5" type="stmt"/>
      <line num="17" count="5" type="stmt"/>
      <line num="18" count="5" type="stmt"/>
      <line num="19" count="5" type="stmt"/>
      <line num="20" count="5" type="stmt"/>
      <line num="21" count="5" type="stmt"/>
      <line num="22" count="5" type="stmt"/>
      <line num="23" count="5" type="cond" truecount="5" falsecount="0"/>
      <line num="25" count="1" type="stmt"/>
      <line num="27" count="1" type="stmt"/>
      <line num="29" count="1" type="stmt"/>
      <line num="31" count="1" type="stmt"/>
      <line num="33" count="1" type="stmt"/>
      <line num="43" count="1" type="stmt"/>
      <line num="47" count="13" type="cond" truecount="1" falsecount="0"/>
      <line num="48" count="6" type="cond" truecount="1" falsecount="0"/>
      <line num="49" count="3" type="stmt"/>
      <line num="51" count="3" type="cond" truecount="2" falsecount="0"/>
      <line num="57" count="7" type="stmt"/>
      <line num="81" count="1" type="stmt"/>
      <line num="82" count="9" type="stmt"/>
      <line num="83" count="9" type="stmt"/>
      <line num="84" count="9" type="stmt"/>
      <line num="85" count="9" type="stmt"/>
      <line num="86" count="16" type="stmt"/>
      <line num="87" count="16" type="stmt"/>
      <line num="88" count="16" type="cond" truecount="4" falsecount="0"/>
      <line num="90" count="5" type="stmt"/>
      <line num="91" count="5" type="stmt"/>
      <line num="93" count="6" type="stmt"/>
      <line num="94" count="6" type="stmt"/>
      <line num="96" count="3" type="stmt"/>
      <line num="97" count="3" type="stmt"/>
      <line num="99" count="2" type="stmt"/>
      <line num="100" count="2" type="stmt"/>
      <line num="103" count="9" type="stmt"/>
      <line num="113" count="1" type="stmt"/>
      <line num="114" count="8" type="stmt"/>
      <line num="115" count="8" type="cond" truecount="1" falsecount="0"/>
      <line num="116" count="8" type="cond" truecount="1" falsecount="0"/>
      <line num="117" count="4" type="stmt"/>
      <line num="118" count="4" type="stmt"/>
      <line num="120" count="8" type="stmt"/>
      <line num="121" count="8" type="stmt"/>
      <line num="122" count="8" type="stmt"/>
      <line num="123" count="8" type="cond" truecount="1" falsecount="0"/>
      <line num="124" count="8" type="cond" truecount="1" falsecount="0"/>
      <line num="125" count="8" type="stmt"/>
      <line num="133" count="1" type="stmt"/>
      <line num="134" count="31" type="stmt"/>
      <line num="146" count="31" type="cond" truecount="3" falsecount="0"/>
      <line num="147" count="28" type="stmt"/>
      <line num="159" count="1" type="stmt"/>
      <line num="161" count="5" type="stmt"/>
      <line num="162" count="28" type="stmt"/>
      <line num="163" count="28" type="cond" truecount="2" falsecount="0"/>
      <line num="164" count="28" type="stmt"/>
      <line num="165" count="28" type="stmt"/>
      <line num="170" count="1" type="stmt"/>
      <line num="171" count="3" type="stmt"/>
      <line num="172" count="3" type="stmt"/>
      <line num="173" count="30" type="stmt"/>
      <line num="175" count="3" type="stmt"/>
    </file>
  </project>
</coverage>
