{"D:\\ZPTX Dev\\ZPTX-Lib\\src\\index.ts": {"path":"D:\\ZPTX Dev\\ZPTX-Lib\\src\\index.ts","statementMap":{"0":{"start":{"line":16,"column":23},"end":{"line":16,"column":54}},"1":{"start":{"line":17,"column":23},"end":{"line":17,"column":53}},"2":{"start":{"line":18,"column":21},"end":{"line":18,"column":51}},"3":{"start":{"line":19,"column":14},"end":{"line":19,"column":42}},"4":{"start":{"line":20,"column":17},"end":{"line":20,"column":35}},"5":{"start":{"line":21,"column":17},"end":{"line":21,"column":35}},"6":{"start":{"line":22,"column":15},"end":{"line":22,"column":31}},"7":{"start":{"line":23,"column":1},"end":{"line":34,"column":null}},"8":{"start":{"line":25,"column":3},"end":{"line":25,"column":24}},"9":{"start":{"line":27,"column":3},"end":{"line":27,"column":24}},"10":{"start":{"line":29,"column":3},"end":{"line":29,"column":22}},"11":{"start":{"line":31,"column":3},"end":{"line":31,"column":15}},"12":{"start":{"line":33,"column":3},"end":{"line":33,"column":56}},"13":{"start":{"line":12,"column":0},"end":{"line":12,"column":16}},"14":{"start":{"line":47,"column":1},"end":{"line":56,"column":null}},"15":{"start":{"line":48,"column":2},"end":{"line":50,"column":null}},"16":{"start":{"line":49,"column":3},"end":{"line":49,"column":28}},"17":{"start":{"line":51,"column":2},"end":{"line":55,"column":50}},"18":{"start":{"line":57,"column":1},"end":{"line":73,"column":17}},"19":{"start":{"line":43,"column":0},"end":{"line":43,"column":16}},"20":{"start":{"line":82,"column":19},"end":{"line":82,"column":35}},"21":{"start":{"line":83,"column":21},"end":{"line":83,"column":51}},"22":{"start":{"line":84,"column":12},"end":{"line":84,"column":13}},"23":{"start":{"line":85,"column":1},"end":{"line":102,"column":null}},"24":{"start":{"line":86,"column":17},"end":{"line":86,"column":35}},"25":{"start":{"line":87,"column":15},"end":{"line":87,"column":23}},"26":{"start":{"line":88,"column":2},"end":{"line":101,"column":null}},"27":{"start":{"line":90,"column":4},"end":{"line":90,"column":26}},"28":{"start":{"line":91,"column":4},"end":{"line":91,"column":10}},"29":{"start":{"line":93,"column":4},"end":{"line":93,"column":31}},"30":{"start":{"line":94,"column":4},"end":{"line":94,"column":10}},"31":{"start":{"line":96,"column":4},"end":{"line":96,"column":36}},"32":{"start":{"line":97,"column":4},"end":{"line":97,"column":10}},"33":{"start":{"line":99,"column":4},"end":{"line":99,"column":41}},"34":{"start":{"line":100,"column":4},"end":{"line":100,"column":10}},"35":{"start":{"line":103,"column":1},"end":{"line":103,"column":13}},"36":{"start":{"line":81,"column":0},"end":{"line":81,"column":16}},"37":{"start":{"line":114,"column":16},"end":{"line":114,"column":21}},"38":{"start":{"line":115,"column":1},"end":{"line":115,"column":38}},"39":{"start":{"line":115,"column":27},"end":{"line":115,"column":38}},"40":{"start":{"line":116,"column":1},"end":{"line":119,"column":null}},"41":{"start":{"line":117,"column":2},"end":{"line":117,"column":18}},"42":{"start":{"line":118,"column":2},"end":{"line":118,"column":13}},"43":{"start":{"line":120,"column":23},"end":{"line":120,"column":43}},"44":{"start":{"line":121,"column":1},"end":{"line":121,"column":49}},"45":{"start":{"line":122,"column":1},"end":{"line":122,"column":65}},"46":{"start":{"line":123,"column":1},"end":{"line":123,"column":56}},"47":{"start":{"line":123,"column":15},"end":{"line":123,"column":56}},"48":{"start":{"line":124,"column":1},"end":{"line":124,"column":50}},"49":{"start":{"line":124,"column":19},"end":{"line":124,"column":50}},"50":{"start":{"line":125,"column":1},"end":{"line":125,"column":10}},"51":{"start":{"line":113,"column":0},"end":{"line":113,"column":16}},"52":{"start":{"line":134,"column":22},"end":{"line":145,"column":3}},"53":{"start":{"line":146,"column":1},"end":{"line":146,"column":62}},"54":{"start":{"line":146,"column":39},"end":{"line":146,"column":62}},"55":{"start":{"line":147,"column":1},"end":{"line":149,"column":3}},"56":{"start":{"line":133,"column":0},"end":{"line":133,"column":16}},"57":{"start":{"line":161,"column":1},"end":{"line":166,"column":8}},"58":{"start":{"line":162,"column":14},"end":{"line":162,"column":34}},"59":{"start":{"line":163,"column":15},"end":{"line":163,"column":42}},"60":{"start":{"line":164,"column":2},"end":{"line":164,"column":17}},"61":{"start":{"line":165,"column":2},"end":{"line":165,"column":13}},"62":{"start":{"line":159,"column":0},"end":{"line":159,"column":16}},"63":{"start":{"line":171,"column":16},"end":{"line":171,"column":18}},"64":{"start":{"line":172,"column":1},"end":{"line":174,"column":null}},"65":{"start":{"line":173,"column":2},"end":{"line":173,"column":27}},"66":{"start":{"line":175,"column":1},"end":{"line":175,"column":29}},"67":{"start":{"line":170,"column":0},"end":{"line":170,"column":7}}},"fnMap":{"0":{"name":"msToTime","decl":{"start":{"line":12,"column":16},"end":{"line":12,"column":24}},"loc":{"start":{"line":14,"column":21},"end":{"line":35,"column":1}}},"1":{"name":"msToTimeString","decl":{"start":{"line":43,"column":16},"end":{"line":43,"column":30}},"loc":{"start":{"line":45,"column":17},"end":{"line":74,"column":1}}},"2":{"name":"parseTimeString","decl":{"start":{"line":81,"column":16},"end":{"line":81,"column":31}},"loc":{"start":{"line":81,"column":50},"end":{"line":104,"column":1}}},"3":{"name":"roundTo","decl":{"start":{"line":113,"column":16},"end":{"line":113,"column":23}},"loc":{"start":{"line":113,"column":50},"end":{"line":126,"column":1}}},"4":{"name":"getBar","decl":{"start":{"line":133,"column":16},"end":{"line":133,"column":22}},"loc":{"start":{"line":133,"column":39},"end":{"line":150,"column":1}}},"5":{"name":"paginate","decl":{"start":{"line":159,"column":16},"end":{"line":159,"column":24}},"loc":{"start":{"line":159,"column":49},"end":{"line":167,"column":1}}},"6":{"name":"(anonymous_6)","decl":{"start":{"line":161,"column":19},"end":{"line":161,"column":20}},"loc":{"start":{"line":161,"column":66},"end":{"line":166,"column":2}}},"7":{"name":"getJSONResponse","decl":{"start":{"line":170,"column":22},"end":{"line":170,"column":37}},"loc":{"start":{"line":170,"column":47},"end":{"line":176,"column":1}}}},"branchMap":{"0":{"loc":{"start":{"line":23,"column":1},"end":{"line":34,"column":null}},"type":"switch","locations":[{"start":{"line":24,"column":2},"end":{"line":25,"column":24}},{"start":{"line":26,"column":2},"end":{"line":27,"column":24}},{"start":{"line":28,"column":2},"end":{"line":29,"column":22}},{"start":{"line":30,"column":2},"end":{"line":31,"column":15}},{"start":{"line":32,"column":2},"end":{"line":33,"column":56}}]},"1":{"loc":{"start":{"line":47,"column":1},"end":{"line":56,"column":null}},"type":"if","locations":[{"start":{"line":47,"column":1},"end":{"line":56,"column":null}}]},"2":{"loc":{"start":{"line":48,"column":2},"end":{"line":50,"column":null}},"type":"if","locations":[{"start":{"line":48,"column":2},"end":{"line":50,"column":null}}]},"3":{"loc":{"start":{"line":51,"column":12},"end":{"line":51,"column":56}},"type":"cond-expr","locations":[{"start":{"line":51,"column":32},"end":{"line":51,"column":51}},{"start":{"line":51,"column":54},"end":{"line":51,"column":56}}]},"4":{"loc":{"start":{"line":52,"column":3},"end":{"line":54,"column":null}},"type":"cond-expr","locations":[{"start":{"line":53,"column":6},"end":{"line":53,"column":47}},{"start":{"line":54,"column":6},"end":{"line":54,"column":null}}]},"5":{"loc":{"start":{"line":58,"column":2},"end":{"line":60,"column":null}},"type":"cond-expr","locations":[{"start":{"line":59,"column":5},"end":{"line":59,"column":62}},{"start":{"line":60,"column":5},"end":{"line":60,"column":null}}]},"6":{"loc":{"start":{"line":59,"column":28},"end":{"line":59,"column":58}},"type":"cond-expr","locations":[{"start":{"line":59,"column":50},"end":{"line":59,"column":52}},{"start":{"line":59,"column":55},"end":{"line":59,"column":58}}]},"7":{"loc":{"start":{"line":62,"column":2},"end":{"line":64,"column":null}},"type":"cond-expr","locations":[{"start":{"line":63,"column":5},"end":{"line":63,"column":61}},{"start":{"line":64,"column":5},"end":{"line":64,"column":null}}]},"8":{"loc":{"start":{"line":63,"column":27},"end":{"line":63,"column":57}},"type":"cond-expr","locations":[{"start":{"line":63,"column":49},"end":{"line":63,"column":51}},{"start":{"line":63,"column":54},"end":{"line":63,"column":57}}]},"9":{"loc":{"start":{"line":66,"column":2},"end":{"line":68,"column":null}},"type":"cond-expr","locations":[{"start":{"line":67,"column":5},"end":{"line":67,"column":62}},{"start":{"line":68,"column":5},"end":{"line":68,"column":null}}]},"10":{"loc":{"start":{"line":67,"column":28},"end":{"line":67,"column":58}},"type":"cond-expr","locations":[{"start":{"line":67,"column":50},"end":{"line":67,"column":52}},{"start":{"line":67,"column":55},"end":{"line":67,"column":58}}]},"11":{"loc":{"start":{"line":70,"column":2},"end":{"line":72,"column":null}},"type":"cond-expr","locations":[{"start":{"line":71,"column":5},"end":{"line":71,"column":62}},{"start":{"line":72,"column":5},"end":{"line":72,"column":null}}]},"12":{"loc":{"start":{"line":71,"column":28},"end":{"line":71,"column":58}},"type":"cond-expr","locations":[{"start":{"line":71,"column":50},"end":{"line":71,"column":52}},{"start":{"line":71,"column":55},"end":{"line":71,"column":58}}]},"13":{"loc":{"start":{"line":88,"column":2},"end":{"line":101,"column":null}},"type":"switch","locations":[{"start":{"line":89,"column":3},"end":{"line":91,"column":10}},{"start":{"line":92,"column":3},"end":{"line":94,"column":10}},{"start":{"line":95,"column":3},"end":{"line":97,"column":10}},{"start":{"line":98,"column":3},"end":{"line":100,"column":10}}]},"14":{"loc":{"start":{"line":115,"column":1},"end":{"line":115,"column":38}},"type":"if","locations":[{"start":{"line":115,"column":1},"end":{"line":115,"column":38}}]},"15":{"loc":{"start":{"line":116,"column":1},"end":{"line":119,"column":null}},"type":"if","locations":[{"start":{"line":116,"column":1},"end":{"line":119,"column":null}}]},"16":{"loc":{"start":{"line":123,"column":1},"end":{"line":123,"column":56}},"type":"if","locations":[{"start":{"line":123,"column":1},"end":{"line":123,"column":56}}]},"17":{"loc":{"start":{"line":124,"column":1},"end":{"line":124,"column":50}},"type":"if","locations":[{"start":{"line":124,"column":1},"end":{"line":124,"column":50}}]},"18":{"loc":{"start":{"line":146,"column":1},"end":{"line":146,"column":62}},"type":"if","locations":[{"start":{"line":146,"column":1},"end":{"line":146,"column":62}}]},"19":{"loc":{"start":{"line":146,"column":5},"end":{"line":146,"column":37}},"type":"binary-expr","locations":[{"start":{"line":146,"column":5},"end":{"line":146,"column":20}},{"start":{"line":146,"column":24},"end":{"line":146,"column":37}}]},"20":{"loc":{"start":{"line":163,"column":15},"end":{"line":163,"column":42}},"type":"binary-expr","locations":[{"start":{"line":163,"column":15},"end":{"line":163,"column":23}},{"start":{"line":163,"column":28},"end":{"line":163,"column":41}}]}},"s":{"0":5,"1":5,"2":5,"3":5,"4":5,"5":5,"6":5,"7":5,"8":1,"9":1,"10":1,"11":1,"12":1,"13":1,"14":13,"15":6,"16":3,"17":3,"18":7,"19":1,"20":9,"21":9,"22":9,"23":9,"24":16,"25":16,"26":16,"27":5,"28":5,"29":6,"30":6,"31":3,"32":3,"33":2,"34":2,"35":9,"36":1,"37":8,"38":8,"39":2,"40":8,"41":4,"42":4,"43":8,"44":8,"45":8,"46":8,"47":4,"48":8,"49":4,"50":8,"51":1,"52":31,"53":31,"54":3,"55":28,"56":1,"57":5,"58":28,"59":28,"60":28,"61":28,"62":1,"63":3,"64":3,"65":30,"66":3,"67":1},"f":{"0":5,"1":13,"2":9,"3":8,"4":31,"5":5,"6":28,"7":3},"b":{"0":[1,1,1,1,1],"1":[6],"2":[3],"3":[1,2],"4":[1,2],"5":[3,4],"6":[2,1],"7":[3,4],"8":[1,2],"9":[4,3],"10":[1,3],"11":[5,2],"12":[1,4],"13":[5,6,3,2],"14":[2],"15":[4],"16":[4],"17":[4],"18":[3],"19":[31,31],"20":[28,8]}}
}
