TN:
SF:src\index.ts
FN:12,msToTime
FN:43,msToTimeString
FN:81,parseTimeString
FN:113,roundTo
FN:133,getBar
FN:159,paginate
FN:161,(anonymous_6)
FN:170,getJSONResponse
FNF:8
FNH:8
FNDA:5,msToTime
FNDA:13,msToTimeString
FNDA:9,parseTimeString
FNDA:8,roundTo
FNDA:31,getBar
FNDA:5,paginate
FNDA:28,(anonymous_6)
FNDA:3,getJSONResponse
DA:12,1
DA:16,5
DA:17,5
DA:18,5
DA:19,5
DA:20,5
DA:21,5
DA:22,5
DA:23,5
DA:25,1
DA:27,1
DA:29,1
DA:31,1
DA:33,1
DA:43,1
DA:47,13
DA:48,6
DA:49,3
DA:51,3
DA:57,7
DA:81,1
DA:82,9
DA:83,9
DA:84,9
DA:85,9
DA:86,16
DA:87,16
DA:88,16
DA:90,5
DA:91,5
DA:93,6
DA:94,6
DA:96,3
DA:97,3
DA:99,2
DA:100,2
DA:103,9
DA:113,1
DA:114,8
DA:115,8
DA:116,8
DA:117,4
DA:118,4
DA:120,8
DA:121,8
DA:122,8
DA:123,8
DA:124,8
DA:125,8
DA:133,1
DA:134,31
DA:146,31
DA:147,28
DA:159,1
DA:161,5
DA:162,28
DA:163,28
DA:164,28
DA:165,28
DA:170,1
DA:171,3
DA:172,3
DA:173,30
DA:175,3
LF:64
LH:64
BRDA:23,0,0,1
BRDA:23,0,1,1
BRDA:23,0,2,1
BRDA:23,0,3,1
BRDA:23,0,4,1
BRDA:47,1,0,6
BRDA:48,2,0,3
BRDA:51,3,0,1
BRDA:51,3,1,2
BRDA:52,4,0,1
BRDA:52,4,1,2
BRDA:58,5,0,3
BRDA:58,5,1,4
BRDA:59,6,0,2
BRDA:59,6,1,1
BRDA:62,7,0,3
BRDA:62,7,1,4
BRDA:63,8,0,1
BRDA:63,8,1,2
BRDA:66,9,0,4
BRDA:66,9,1,3
BRDA:67,10,0,1
BRDA:67,10,1,3
BRDA:70,11,0,5
BRDA:70,11,1,2
BRDA:71,12,0,1
BRDA:71,12,1,4
BRDA:88,13,0,5
BRDA:88,13,1,6
BRDA:88,13,2,3
BRDA:88,13,3,2
BRDA:115,14,0,2
BRDA:116,15,0,4
BRDA:123,16,0,4
BRDA:124,17,0,4
BRDA:146,18,0,3
BRDA:146,19,0,31
BRDA:146,19,1,31
BRDA:163,20,0,28
BRDA:163,20,1,8
BRF:40
BRH:40
end_of_record
